<?xml version="1.0" encoding="UTF-8"?>
<testng-results skipped="0" failed="0" ignored="0" total="1" passed="1">
  <reporter-output>
  </reporter-output>
  <suite name="Default suite" duration-ms="5531" started-at="2019-05-06T05:44:56Z" finished-at="2019-05-06T05:45:01Z">
    <groups>
    </groups>
    <test name="Default test" duration-ms="5531" started-at="2019-05-06T05:44:56Z" finished-at="2019-05-06T05:45:01Z">
      <class name="com.urban.serviceability.ValidateApi">
        <test-method status="PASS" signature="warranty()[pri:0, instance:com.urban.serviceability.ValidateApi@4cc0edeb]" name="warranty" duration-ms="5481" started-at="2019-05-06T05:44:56Z" finished-at="2019-05-06T05:45:01Z">
          <reporter-output>
          </reporter-output>
        </test-method> <!-- warranty -->
      </class> <!-- com.urban.serviceability.ValidateApi -->
    </test> <!-- Default test -->
  </suite> <!-- Default suite -->
</testng-results>
